[2023-12-08 01:38:17] local.ERROR: include(C:\Websites\Aternix\vendor\composer/../symfony/polyfill-intl-normalizer/Resources/stubs/Normalizer.php): Failed to open stream: No such file or directory {"exception":"[object] (ErrorException(code: 0): include(C:\\Websites\\Aternix\\vendor\\composer/../symfony/polyfill-intl-normalizer/Resources/stubs/Normalizer.php): Failed to open stream: No such file or directory at C:\\Websites\\Aternix\\vendor\\symfony\\string\\AbstractUnicodeString.php:31)
[stacktrace]
#0 C:\\Websites\\Aternix\\vendor\\composer\\ClassLoader.php(571): Illuminate\\Foundation\\Bootstrap\\HandleExceptions->handleError(2, 'include(C:\\\\Webs...', 'C:\\\\Websites\\\\Ate...', 31)
#1 C:\\Websites\\Aternix\\vendor\\composer\\ClassLoader.php(571): include()
#2 C:\\Websites\\Aternix\\vendor\\composer\\ClassLoader.php(428): Composer\\Autoload\\includeFile('C:\\\\Websites\\\\Ate...')
#3 C:\\Websites\\Aternix\\vendor\\symfony\\console\\Helper\\Helper.php(65): Composer\\Autoload\\ClassLoader->loadClass('Normalizer')
#4 C:\\Websites\\Aternix\\vendor\\symfony\\console\\Descriptor\\TextDescriptor.php(327): Symfony\\Component\\Console\\Helper\\Helper::width('h')
#5 C:\\Websites\\Aternix\\vendor\\symfony\\console\\Descriptor\\TextDescriptor.php(97): Symfony\\Component\\Console\\Descriptor\\TextDescriptor->calculateTotalWidthForOptions(Array)
#6 C:\\Websites\\Aternix\\vendor\\symfony\\console\\Descriptor\\TextDescriptor.php(195): Symfony\\Component\\Console\\Descriptor\\TextDescriptor->describeInputDefinition(Object(Symfony\\Component\\Console\\Input\\InputDefinition), Array)
#7 C:\\Websites\\Aternix\\vendor\\symfony\\console\\Descriptor\\Descriptor.php(55): Symfony\\Component\\Console\\Descriptor\\TextDescriptor->describeApplication(Object(Illuminate\\Console\\Application), Array)
#8 C:\\Websites\\Aternix\\vendor\\symfony\\console\\Helper\\DescriptorHelper.php(65): Symfony\\Component\\Console\\Descriptor\\Descriptor->describe(Object(Symfony\\Component\\Console\\Output\\ConsoleOutput), Object(Illuminate\\Console\\Application), Array)
#9 C:\\Websites\\Aternix\\vendor\\symfony\\console\\Command\\ListCommand.php(71): Symfony\\Component\\Console\\Helper\\DescriptorHelper->describe(Object(Symfony\\Component\\Console\\Output\\ConsoleOutput), Object(Illuminate\\Console\\Application), Array)
#10 C:\\Websites\\Aternix\\vendor\\symfony\\console\\Command\\Command.php(298): Symfony\\Component\\Console\\Command\\ListCommand->execute(Object(Symfony\\Component\\Console\\Input\\ArgvInput), Object(Symfony\\Component\\Console\\Output\\ConsoleOutput))
#11 C:\\Websites\\Aternix\\vendor\\symfony\\console\\Application.php(1040): Symfony\\Component\\Console\\Command\\Command->run(Object(Symfony\\Component\\Console\\Input\\ArgvInput), Object(Symfony\\Component\\Console\\Output\\ConsoleOutput))
#12 C:\\Websites\\Aternix\\vendor\\symfony\\console\\Application.php(301): Symfony\\Component\\Console\\Application->doRunCommand(Object(Symfony\\Component\\Console\\Command\\ListCommand), Object(Symfony\\Component\\Console\\Input\\ArgvInput), Object(Symfony\\Component\\Console\\Output\\ConsoleOutput))
#13 C:\\Websites\\Aternix\\vendor\\symfony\\console\\Application.php(171): Symfony\\Component\\Console\\Application->doRun(Object(Symfony\\Component\\Console\\Input\\ArgvInput), Object(Symfony\\Component\\Console\\Output\\ConsoleOutput))
#14 C:\\Websites\\Aternix\\vendor\\laravel\\framework\\src\\Illuminate\\Console\\Application.php(94): Symfony\\Component\\Console\\Application->run(Object(Symfony\\Component\\Console\\Input\\ArgvInput), Object(Symfony\\Component\\Console\\Output\\ConsoleOutput))
#15 C:\\Websites\\Aternix\\vendor\\laravel\\framework\\src\\Illuminate\\Foundation\\Console\\Kernel.php(129): Illuminate\\Console\\Application->run(Object(Symfony\\Component\\Console\\Input\\ArgvInput), Object(Symfony\\Component\\Console\\Output\\ConsoleOutput))
#16 Command line code(1): Illuminate\\Foundation\\Console\\Kernel->handle(Object(Symfony\\Component\\Console\\Input\\ArgvInput), Object(Symfony\\Component\\Console\\Output\\ConsoleOutput))
#17 {main}
"} 
[2023-12-08 01:38:18] local.ERROR: Uncaught Whoops\Exception\ErrorException: Using ${var} in strings is deprecated, use {$var} instead in C:\Websites\Aternix\vendor\facade\ignition\src\SolutionProviders\MergeConflictSolutionProvider.php:52
Stack trace:
#0 C:\Websites\Aternix\vendor\composer\ClassLoader.php(571): Whoops\Run->handleError(8192, 'Using ${var} in...', 'C:\\Websites\\Ate...', 52)
#1 C:\Websites\Aternix\vendor\composer\ClassLoader.php(571): include()
#2 C:\Websites\Aternix\vendor\composer\ClassLoader.php(428): Composer\Autoload\includeFile('C:\\Websites\\Ate...')
#3 [internal function]: Composer\Autoload\ClassLoader->loadClass('Facade\\Ignition...')
#4 C:\Websites\Aternix\vendor\facade\ignition\src\SolutionProviders\SolutionProviderRepository.php(50): class_implements('Facade\\Ignition...')
#5 [internal function]: Facade\Ignition\SolutionProviders\SolutionProviderRepository->Facade\Ignition\SolutionProviders\{closure}('Facade\\Ignition...', 10)
#6 C:\Websites\Aternix\vendor\laravel\framework\src\Illuminate\Collections\Arr.php(717): array_filter(Array, Object(Closure), 1)
#7 C:\Websites\Aternix\vendor\laravel\framework\src\Illuminate\Collections\Collection.php(358): Illuminate\Support\Arr::where(Array, Object(Closure))
#8 C:\Websites\Aternix\vendor\facade\ignition\src\SolutionProviders\SolutionProviderRepository.php(49): Illuminate\Support\Collection->filter(Object(Closure))
#9 C:\Websites\Aternix\vendor\nunomaduro\collision\src\Adapters\Laravel\IgnitionSolutionsRepository.php(36): Facade\Ignition\SolutionProviders\SolutionProviderRepository->getSolutionsForThrowable(Object(ErrorException))
#10 C:\Websites\Aternix\vendor\nunomaduro\collision\src\Writer.php(244): NunoMaduro\Collision\Adapters\Laravel\IgnitionSolutionsRepository->getFromThrowable(Object(ErrorException))
#11 C:\Websites\Aternix\vendor\nunomaduro\collision\src\Writer.php(123): NunoMaduro\Collision\Writer->renderSolution(Object(NunoMaduro\Collision\Adapters\Laravel\Inspector))
#12 C:\Websites\Aternix\vendor\nunomaduro\collision\src\Handler.php(39): NunoMaduro\Collision\Writer->write(Object(NunoMaduro\Collision\Adapters\Laravel\Inspector))
#13 C:\Websites\Aternix\vendor\nunomaduro\collision\src\Adapters\Laravel\ExceptionHandler.php(72): NunoMaduro\Collision\Handler->handle()
#14 C:\Websites\Aternix\vendor\laravel\framework\src\Illuminate\Foundation\Console\Kernel.php(378): NunoMaduro\Collision\Adapters\Laravel\ExceptionHandler->renderForConsole(Object(Symfony\Component\Console\Output\ConsoleOutput), Object(ErrorException))
#15 C:\Websites\Aternix\vendor\laravel\framework\src\Illuminate\Foundation\Console\Kernel.php(133): Illuminate\Foundation\Console\Kernel->renderException(Object(Symfony\Component\Console\Output\ConsoleOutput), Object(ErrorException))
#16 Command line code(1): Illuminate\Foundation\Console\Kernel->handle(Object(Symfony\Component\Console\Input\ArgvInput), Object(Symfony\Component\Console\Output\ConsoleOutput))
#17 {main}
  thrown {"exception":"[object] (Symfony\\Component\\ErrorHandler\\Error\\FatalError(code: 0): Uncaught Whoops\\Exception\\ErrorException: Using ${var} in strings is deprecated, use {$var} instead in C:\\Websites\\Aternix\\vendor\\facade\\ignition\\src\\SolutionProviders\\MergeConflictSolutionProvider.php:52
Stack trace:
#0 C:\\Websites\\Aternix\\vendor\\composer\\ClassLoader.php(571): Whoops\\Run->handleError(8192, 'Using ${var} in...', 'C:\\\\Websites\\\\Ate...', 52)
#1 C:\\Websites\\Aternix\\vendor\\composer\\ClassLoader.php(571): include()
#2 C:\\Websites\\Aternix\\vendor\\composer\\ClassLoader.php(428): Composer\\Autoload\\includeFile('C:\\\\Websites\\\\Ate...')
#3 [internal function]: Composer\\Autoload\\ClassLoader->loadClass('Facade\\\\Ignition...')
#4 C:\\Websites\\Aternix\\vendor\\facade\\ignition\\src\\SolutionProviders\\SolutionProviderRepository.php(50): class_implements('Facade\\\\Ignition...')
#5 [internal function]: Facade\\Ignition\\SolutionProviders\\SolutionProviderRepository->Facade\\Ignition\\SolutionProviders\\{closure}('Facade\\\\Ignition...', 10)
#6 C:\\Websites\\Aternix\\vendor\\laravel\\framework\\src\\Illuminate\\Collections\\Arr.php(717): array_filter(Array, Object(Closure), 1)
#7 C:\\Websites\\Aternix\\vendor\\laravel\\framework\\src\\Illuminate\\Collections\\Collection.php(358): Illuminate\\Support\\Arr::where(Array, Object(Closure))
#8 C:\\Websites\\Aternix\\vendor\\facade\\ignition\\src\\SolutionProviders\\SolutionProviderRepository.php(49): Illuminate\\Support\\Collection->filter(Object(Closure))
#9 C:\\Websites\\Aternix\\vendor\\nunomaduro\\collision\\src\\Adapters\\Laravel\\IgnitionSolutionsRepository.php(36): Facade\\Ignition\\SolutionProviders\\SolutionProviderRepository->getSolutionsForThrowable(Object(ErrorException))
#10 C:\\Websites\\Aternix\\vendor\\nunomaduro\\collision\\src\\Writer.php(244): NunoMaduro\\Collision\\Adapters\\Laravel\\IgnitionSolutionsRepository->getFromThrowable(Object(ErrorException))
#11 C:\\Websites\\Aternix\\vendor\\nunomaduro\\collision\\src\\Writer.php(123): NunoMaduro\\Collision\\Writer->renderSolution(Object(NunoMaduro\\Collision\\Adapters\\Laravel\\Inspector))
#12 C:\\Websites\\Aternix\\vendor\\nunomaduro\\collision\\src\\Handler.php(39): NunoMaduro\\Collision\\Writer->write(Object(NunoMaduro\\Collision\\Adapters\\Laravel\\Inspector))
#13 C:\\Websites\\Aternix\\vendor\\nunomaduro\\collision\\src\\Adapters\\Laravel\\ExceptionHandler.php(72): NunoMaduro\\Collision\\Handler->handle()
#14 C:\\Websites\\Aternix\\vendor\\laravel\\framework\\src\\Illuminate\\Foundation\\Console\\Kernel.php(378): NunoMaduro\\Collision\\Adapters\\Laravel\\ExceptionHandler->renderForConsole(Object(Symfony\\Component\\Console\\Output\\ConsoleOutput), Object(ErrorException))
#15 C:\\Websites\\Aternix\\vendor\\laravel\\framework\\src\\Illuminate\\Foundation\\Console\\Kernel.php(133): Illuminate\\Foundation\\Console\\Kernel->renderException(Object(Symfony\\Component\\Console\\Output\\ConsoleOutput), Object(ErrorException))
#16 Command line code(1): Illuminate\\Foundation\\Console\\Kernel->handle(Object(Symfony\\Component\\Console\\Input\\ArgvInput), Object(Symfony\\Component\\Console\\Output\\ConsoleOutput))
#17 {main}
  thrown at C:\\Websites\\Aternix\\vendor\\facade\\ignition\\src\\SolutionProviders\\MergeConflictSolutionProvider.php:52)
[stacktrace]
#0 {main}
"} 
[2023-12-08 01:39:33] local.ERROR: The "--versio" option does not exist. {"exception":"[object] (Symfony\\Component\\Console\\Exception\\RuntimeException(code: 0): The \"--versio\" option does not exist. at C:\\Websites\\Aternix\\vendor\\symfony\\console\\Input\\ArgvInput.php:220)
[stacktrace]
#0 C:\\Websites\\Aternix\\vendor\\symfony\\console\\Input\\ArgvInput.php(149): Symfony\\Component\\Console\\Input\\ArgvInput->addLongOption('versio', NULL)
#1 C:\\Websites\\Aternix\\vendor\\symfony\\console\\Input\\ArgvInput.php(82): Symfony\\Component\\Console\\Input\\ArgvInput->parseLongOption('--versio')
#2 C:\\Websites\\Aternix\\vendor\\symfony\\console\\Input\\ArgvInput.php(71): Symfony\\Component\\Console\\Input\\ArgvInput->parseToken('--versio', true)
#3 C:\\Websites\\Aternix\\vendor\\symfony\\console\\Input\\Input.php(55): Symfony\\Component\\Console\\Input\\ArgvInput->parse()
#4 C:\\Websites\\Aternix\\vendor\\symfony\\console\\Command\\Command.php(257): Symfony\\Component\\Console\\Input\\Input->bind(Object(Symfony\\Component\\Console\\Input\\InputDefinition))
#5 C:\\Websites\\Aternix\\vendor\\symfony\\console\\Application.php(1040): Symfony\\Component\\Console\\Command\\Command->run(Object(Symfony\\Component\\Console\\Input\\ArgvInput), Object(Symfony\\Component\\Console\\Output\\ConsoleOutput))
#6 C:\\Websites\\Aternix\\vendor\\symfony\\console\\Application.php(301): Symfony\\Component\\Console\\Application->doRunCommand(Object(Symfony\\Component\\Console\\Command\\ListCommand), Object(Symfony\\Component\\Console\\Input\\ArgvInput), Object(Symfony\\Component\\Console\\Output\\ConsoleOutput))
#7 C:\\Websites\\Aternix\\vendor\\symfony\\console\\Application.php(171): Symfony\\Component\\Console\\Application->doRun(Object(Symfony\\Component\\Console\\Input\\ArgvInput), Object(Symfony\\Component\\Console\\Output\\ConsoleOutput))
#8 C:\\Websites\\Aternix\\vendor\\laravel\\framework\\src\\Illuminate\\Console\\Application.php(94): Symfony\\Component\\Console\\Application->run(Object(Symfony\\Component\\Console\\Input\\ArgvInput), Object(Symfony\\Component\\Console\\Output\\ConsoleOutput))
#9 C:\\Websites\\Aternix\\vendor\\laravel\\framework\\src\\Illuminate\\Foundation\\Console\\Kernel.php(129): Illuminate\\Console\\Application->run(Object(Symfony\\Component\\Console\\Input\\ArgvInput), Object(Symfony\\Component\\Console\\Output\\ConsoleOutput))
#10 C:\\Websites\\Aternix\\artisan(35): Illuminate\\Foundation\\Console\\Kernel->handle(Object(Symfony\\Component\\Console\\Input\\ArgvInput), Object(Symfony\\Component\\Console\\Output\\ConsoleOutput))
#11 {main}
"} 
[2023-12-08 01:45:23] local.ERROR: Class "Facade\Ignition\IgnitionServiceProvider" not found {"exception":"[object] (Error(code: 0): Class \"Facade\\Ignition\\IgnitionServiceProvider\" not found at C:\\Websites\\Aternix\\vendor\\laravel\\framework\\src\\Illuminate\\Foundation\\Application.php:750)
[stacktrace]
#0 C:\\Websites\\Aternix\\vendor\\laravel\\framework\\src\\Illuminate\\Foundation\\Application.php(684): Illuminate\\Foundation\\Application->resolveProvider('Facade\\\\Ignition...')
#1 C:\\Websites\\Aternix\\vendor\\laravel\\framework\\src\\Illuminate\\Foundation\\ProviderRepository.php(75): Illuminate\\Foundation\\Application->register('Facade\\\\Ignition...')
#2 C:\\Websites\\Aternix\\vendor\\laravel\\framework\\src\\Illuminate\\Foundation\\Application.php(664): Illuminate\\Foundation\\ProviderRepository->load(Array)
#3 C:\\Websites\\Aternix\\vendor\\laravel\\framework\\src\\Illuminate\\Foundation\\Bootstrap\\RegisterProviders.php(17): Illuminate\\Foundation\\Application->registerConfiguredProviders()
#4 C:\\Websites\\Aternix\\vendor\\laravel\\framework\\src\\Illuminate\\Foundation\\Application.php(242): Illuminate\\Foundation\\Bootstrap\\RegisterProviders->bootstrap(Object(Illuminate\\Foundation\\Application))
#5 C:\\Websites\\Aternix\\vendor\\laravel\\framework\\src\\Illuminate\\Foundation\\Console\\Kernel.php(383): Illuminate\\Foundation\\Application->bootstrapWith(Array)
#6 C:\\Websites\\Aternix\\vendor\\laravel\\framework\\src\\Illuminate\\Foundation\\Console\\Kernel.php(153): Illuminate\\Foundation\\Console\\Kernel->bootstrap()
#7 Command line code(1): Illuminate\\Foundation\\Console\\Kernel->handle(Object(Symfony\\Component\\Console\\Input\\ArgvInput), Object(Symfony\\Component\\Console\\Output\\ConsoleOutput))
#8 {main}
"} 
[2023-12-08 01:53:01] local.ERROR: include(C:\Websites\Aternix\vendor\composer/../fideloper/proxy/src/TrustedProxyServiceProvider.php): Failed to open stream: No such file or directory {"exception":"[object] (ErrorException(code: 0): include(C:\\Websites\\Aternix\\vendor\\composer/../fideloper/proxy/src/TrustedProxyServiceProvider.php): Failed to open stream: No such file or directory at C:\\Websites\\Aternix\\vendor\\composer\\ClassLoader.php:571)
[stacktrace]
#0 C:\\Websites\\Aternix\\vendor\\laravel\\framework\\src\\Illuminate\\Foundation\\Bootstrap\\HandleExceptions.php(254): Illuminate\\Foundation\\Bootstrap\\HandleExceptions->handleError(2, 'include(C:\\\\Webs...', 'C:\\\\Websites\\\\Ate...', 571)
#1 C:\\Websites\\Aternix\\vendor\\composer\\ClassLoader.php(571): Illuminate\\Foundation\\Bootstrap\\HandleExceptions->Illuminate\\Foundation\\Bootstrap\\{closure}(2, 'include(C:\\\\Webs...', 'C:\\\\Websites\\\\Ate...', 571)
#2 C:\\Websites\\Aternix\\vendor\\composer\\ClassLoader.php(571): include('C:\\\\Websites\\\\Ate...')
#3 C:\\Websites\\Aternix\\vendor\\composer\\ClassLoader.php(428): Composer\\Autoload\\includeFile('C:\\\\Websites\\\\Ate...')
#4 C:\\Websites\\Aternix\\vendor\\laravel\\framework\\src\\Illuminate\\Foundation\\Application.php(849): Composer\\Autoload\\ClassLoader->loadClass('Fideloper\\\\Proxy...')
#5 C:\\Websites\\Aternix\\vendor\\laravel\\framework\\src\\Illuminate\\Foundation\\Application.php(783): Illuminate\\Foundation\\Application->resolveProvider('Fideloper\\\\Proxy...')
#6 C:\\Websites\\Aternix\\vendor\\laravel\\framework\\src\\Illuminate\\Foundation\\ProviderRepository.php(75): Illuminate\\Foundation\\Application->register('Fideloper\\\\Proxy...')
#7 C:\\Websites\\Aternix\\vendor\\laravel\\framework\\src\\Illuminate\\Foundation\\Application.php(763): Illuminate\\Foundation\\ProviderRepository->load(Array)
#8 C:\\Websites\\Aternix\\vendor\\laravel\\framework\\src\\Illuminate\\Foundation\\Bootstrap\\RegisterProviders.php(17): Illuminate\\Foundation\\Application->registerConfiguredProviders()
#9 C:\\Websites\\Aternix\\vendor\\laravel\\framework\\src\\Illuminate\\Foundation\\Application.php(261): Illuminate\\Foundation\\Bootstrap\\RegisterProviders->bootstrap(Object(Illuminate\\Foundation\\Application))
#10 C:\\Websites\\Aternix\\vendor\\laravel\\framework\\src\\Illuminate\\Foundation\\Console\\Kernel.php(447): Illuminate\\Foundation\\Application->bootstrapWith(Array)
#11 C:\\Websites\\Aternix\\vendor\\laravel\\framework\\src\\Illuminate\\Foundation\\Console\\Kernel.php(199): Illuminate\\Foundation\\Console\\Kernel->bootstrap()
#12 Command line code(1): Illuminate\\Foundation\\Console\\Kernel->handle(Object(Symfony\\Component\\Console\\Input\\ArgvInput), Object(Symfony\\Component\\Console\\Output\\ConsoleOutput))
#13 {main}
"} 
[2023-12-08 01:53:02] local.ERROR: include(C:\Websites\Aternix\vendor\composer/../fideloper/proxy/src/TrustedProxyServiceProvider.php): Failed to open stream: No such file or directory {"exception":"[object] (ErrorException(code: 0): include(C:\\Websites\\Aternix\\vendor\\composer/../fideloper/proxy/src/TrustedProxyServiceProvider.php): Failed to open stream: No such file or directory at C:\\Websites\\Aternix\\vendor\\composer\\ClassLoader.php:571)
[stacktrace]
#0 C:\\Websites\\Aternix\\vendor\\laravel\\framework\\src\\Illuminate\\Foundation\\Bootstrap\\HandleExceptions.php(254): Illuminate\\Foundation\\Bootstrap\\HandleExceptions->handleError(2, 'include(C:\\\\Webs...', 'C:\\\\Websites\\\\Ate...', 571)
#1 C:\\Websites\\Aternix\\vendor\\composer\\ClassLoader.php(571): Illuminate\\Foundation\\Bootstrap\\HandleExceptions->Illuminate\\Foundation\\Bootstrap\\{closure}(2, 'include(C:\\\\Webs...', 'C:\\\\Websites\\\\Ate...', 571)
#2 C:\\Websites\\Aternix\\vendor\\composer\\ClassLoader.php(571): include('C:\\\\Websites\\\\Ate...')
#3 C:\\Websites\\Aternix\\vendor\\composer\\ClassLoader.php(428): Composer\\Autoload\\includeFile('C:\\\\Websites\\\\Ate...')
#4 C:\\Websites\\Aternix\\vendor\\laravel\\framework\\src\\Illuminate\\Foundation\\Application.php(849): Composer\\Autoload\\ClassLoader->loadClass('Fideloper\\\\Proxy...')
#5 C:\\Websites\\Aternix\\vendor\\laravel\\framework\\src\\Illuminate\\Foundation\\Application.php(783): Illuminate\\Foundation\\Application->resolveProvider('Fideloper\\\\Proxy...')
#6 C:\\Websites\\Aternix\\vendor\\laravel\\framework\\src\\Illuminate\\Foundation\\ProviderRepository.php(75): Illuminate\\Foundation\\Application->register('Fideloper\\\\Proxy...')
#7 C:\\Websites\\Aternix\\vendor\\laravel\\framework\\src\\Illuminate\\Foundation\\Application.php(763): Illuminate\\Foundation\\ProviderRepository->load(Array)
#8 C:\\Websites\\Aternix\\vendor\\laravel\\framework\\src\\Illuminate\\Foundation\\Bootstrap\\RegisterProviders.php(17): Illuminate\\Foundation\\Application->registerConfiguredProviders()
#9 C:\\Websites\\Aternix\\vendor\\laravel\\framework\\src\\Illuminate\\Foundation\\Application.php(261): Illuminate\\Foundation\\Bootstrap\\RegisterProviders->bootstrap(Object(Illuminate\\Foundation\\Application))
#10 C:\\Websites\\Aternix\\vendor\\laravel\\framework\\src\\Illuminate\\Foundation\\Console\\Kernel.php(447): Illuminate\\Foundation\\Application->bootstrapWith(Array)
#11 C:\\Websites\\Aternix\\vendor\\laravel\\framework\\src\\Illuminate\\Foundation\\Console\\Kernel.php(199): Illuminate\\Foundation\\Console\\Kernel->bootstrap()
#12 Command line code(1): Illuminate\\Foundation\\Console\\Kernel->handle(Object(Symfony\\Component\\Console\\Input\\ArgvInput), Object(Symfony\\Component\\Console\\Output\\ConsoleOutput))
#13 {main}
"} 
[2023-12-08 01:53:03] local.ERROR: include(C:\Websites\Aternix\vendor\composer/../fideloper/proxy/src/TrustedProxyServiceProvider.php): Failed to open stream: No such file or directory {"exception":"[object] (ErrorException(code: 0): include(C:\\Websites\\Aternix\\vendor\\composer/../fideloper/proxy/src/TrustedProxyServiceProvider.php): Failed to open stream: No such file or directory at C:\\Websites\\Aternix\\vendor\\composer\\ClassLoader.php:571)
[stacktrace]
#0 C:\\Websites\\Aternix\\vendor\\laravel\\framework\\src\\Illuminate\\Foundation\\Bootstrap\\HandleExceptions.php(254): Illuminate\\Foundation\\Bootstrap\\HandleExceptions->handleError(2, 'include(C:\\\\Webs...', 'C:\\\\Websites\\\\Ate...', 571)
#1 C:\\Websites\\Aternix\\vendor\\composer\\ClassLoader.php(571): Illuminate\\Foundation\\Bootstrap\\HandleExceptions->Illuminate\\Foundation\\Bootstrap\\{closure}(2, 'include(C:\\\\Webs...', 'C:\\\\Websites\\\\Ate...', 571)
#2 C:\\Websites\\Aternix\\vendor\\composer\\ClassLoader.php(571): include('C:\\\\Websites\\\\Ate...')
#3 C:\\Websites\\Aternix\\vendor\\composer\\ClassLoader.php(428): Composer\\Autoload\\includeFile('C:\\\\Websites\\\\Ate...')
#4 C:\\Websites\\Aternix\\vendor\\laravel\\framework\\src\\Illuminate\\Foundation\\Application.php(849): Composer\\Autoload\\ClassLoader->loadClass('Fideloper\\\\Proxy...')
#5 C:\\Websites\\Aternix\\vendor\\laravel\\framework\\src\\Illuminate\\Foundation\\Application.php(783): Illuminate\\Foundation\\Application->resolveProvider('Fideloper\\\\Proxy...')
#6 C:\\Websites\\Aternix\\vendor\\laravel\\framework\\src\\Illuminate\\Foundation\\ProviderRepository.php(75): Illuminate\\Foundation\\Application->register('Fideloper\\\\Proxy...')
#7 C:\\Websites\\Aternix\\vendor\\laravel\\framework\\src\\Illuminate\\Foundation\\Application.php(763): Illuminate\\Foundation\\ProviderRepository->load(Array)
#8 C:\\Websites\\Aternix\\vendor\\laravel\\framework\\src\\Illuminate\\Foundation\\Bootstrap\\RegisterProviders.php(17): Illuminate\\Foundation\\Application->registerConfiguredProviders()
#9 C:\\Websites\\Aternix\\vendor\\laravel\\framework\\src\\Illuminate\\Foundation\\Application.php(261): Illuminate\\Foundation\\Bootstrap\\RegisterProviders->bootstrap(Object(Illuminate\\Foundation\\Application))
#10 C:\\Websites\\Aternix\\vendor\\laravel\\framework\\src\\Illuminate\\Foundation\\Console\\Kernel.php(447): Illuminate\\Foundation\\Application->bootstrapWith(Array)
#11 C:\\Websites\\Aternix\\vendor\\laravel\\framework\\src\\Illuminate\\Foundation\\Console\\Kernel.php(199): Illuminate\\Foundation\\Console\\Kernel->bootstrap()
#12 Command line code(1): Illuminate\\Foundation\\Console\\Kernel->handle(Object(Symfony\\Component\\Console\\Input\\ArgvInput), Object(Symfony\\Component\\Console\\Output\\ConsoleOutput))
#13 {main}
"} 
[2023-12-08 01:53:05] local.ERROR: include(C:\Websites\Aternix\vendor\composer/../fideloper/proxy/src/TrustedProxyServiceProvider.php): Failed to open stream: No such file or directory {"exception":"[object] (ErrorException(code: 0): include(C:\\Websites\\Aternix\\vendor\\composer/../fideloper/proxy/src/TrustedProxyServiceProvider.php): Failed to open stream: No such file or directory at C:\\Websites\\Aternix\\vendor\\composer\\ClassLoader.php:571)
[stacktrace]
#0 C:\\Websites\\Aternix\\vendor\\laravel\\framework\\src\\Illuminate\\Foundation\\Bootstrap\\HandleExceptions.php(254): Illuminate\\Foundation\\Bootstrap\\HandleExceptions->handleError(2, 'include(C:\\\\Webs...', 'C:\\\\Websites\\\\Ate...', 571)
#1 C:\\Websites\\Aternix\\vendor\\composer\\ClassLoader.php(571): Illuminate\\Foundation\\Bootstrap\\HandleExceptions->Illuminate\\Foundation\\Bootstrap\\{closure}(2, 'include(C:\\\\Webs...', 'C:\\\\Websites\\\\Ate...', 571)
#2 C:\\Websites\\Aternix\\vendor\\composer\\ClassLoader.php(571): include('C:\\\\Websites\\\\Ate...')
#3 C:\\Websites\\Aternix\\vendor\\composer\\ClassLoader.php(428): Composer\\Autoload\\includeFile('C:\\\\Websites\\\\Ate...')
#4 C:\\Websites\\Aternix\\vendor\\laravel\\framework\\src\\Illuminate\\Foundation\\Application.php(849): Composer\\Autoload\\ClassLoader->loadClass('Fideloper\\\\Proxy...')
#5 C:\\Websites\\Aternix\\vendor\\laravel\\framework\\src\\Illuminate\\Foundation\\Application.php(783): Illuminate\\Foundation\\Application->resolveProvider('Fideloper\\\\Proxy...')
#6 C:\\Websites\\Aternix\\vendor\\laravel\\framework\\src\\Illuminate\\Foundation\\ProviderRepository.php(75): Illuminate\\Foundation\\Application->register('Fideloper\\\\Proxy...')
#7 C:\\Websites\\Aternix\\vendor\\laravel\\framework\\src\\Illuminate\\Foundation\\Application.php(763): Illuminate\\Foundation\\ProviderRepository->load(Array)
#8 C:\\Websites\\Aternix\\vendor\\laravel\\framework\\src\\Illuminate\\Foundation\\Bootstrap\\RegisterProviders.php(17): Illuminate\\Foundation\\Application->registerConfiguredProviders()
#9 C:\\Websites\\Aternix\\vendor\\laravel\\framework\\src\\Illuminate\\Foundation\\Application.php(261): Illuminate\\Foundation\\Bootstrap\\RegisterProviders->bootstrap(Object(Illuminate\\Foundation\\Application))
#10 C:\\Websites\\Aternix\\vendor\\laravel\\framework\\src\\Illuminate\\Foundation\\Console\\Kernel.php(447): Illuminate\\Foundation\\Application->bootstrapWith(Array)
#11 C:\\Websites\\Aternix\\vendor\\laravel\\framework\\src\\Illuminate\\Foundation\\Console\\Kernel.php(199): Illuminate\\Foundation\\Console\\Kernel->bootstrap()
#12 Command line code(1): Illuminate\\Foundation\\Console\\Kernel->handle(Object(Symfony\\Component\\Console\\Input\\ArgvInput), Object(Symfony\\Component\\Console\\Output\\ConsoleOutput))
#13 {main}
"} 
[2023-12-08 01:53:06] local.ERROR: include(C:\Websites\Aternix\vendor\composer/../fideloper/proxy/src/TrustedProxyServiceProvider.php): Failed to open stream: No such file or directory {"exception":"[object] (ErrorException(code: 0): include(C:\\Websites\\Aternix\\vendor\\composer/../fideloper/proxy/src/TrustedProxyServiceProvider.php): Failed to open stream: No such file or directory at C:\\Websites\\Aternix\\vendor\\composer\\ClassLoader.php:571)
[stacktrace]
#0 C:\\Websites\\Aternix\\vendor\\laravel\\framework\\src\\Illuminate\\Foundation\\Bootstrap\\HandleExceptions.php(254): Illuminate\\Foundation\\Bootstrap\\HandleExceptions->handleError(2, 'include(C:\\\\Webs...', 'C:\\\\Websites\\\\Ate...', 571)
#1 C:\\Websites\\Aternix\\vendor\\composer\\ClassLoader.php(571): Illuminate\\Foundation\\Bootstrap\\HandleExceptions->Illuminate\\Foundation\\Bootstrap\\{closure}(2, 'include(C:\\\\Webs...', 'C:\\\\Websites\\\\Ate...', 571)
#2 C:\\Websites\\Aternix\\vendor\\composer\\ClassLoader.php(571): include('C:\\\\Websites\\\\Ate...')
#3 C:\\Websites\\Aternix\\vendor\\composer\\ClassLoader.php(428): Composer\\Autoload\\includeFile('C:\\\\Websites\\\\Ate...')
#4 C:\\Websites\\Aternix\\vendor\\laravel\\framework\\src\\Illuminate\\Foundation\\Application.php(849): Composer\\Autoload\\ClassLoader->loadClass('Fideloper\\\\Proxy...')
#5 C:\\Websites\\Aternix\\vendor\\laravel\\framework\\src\\Illuminate\\Foundation\\Application.php(783): Illuminate\\Foundation\\Application->resolveProvider('Fideloper\\\\Proxy...')
#6 C:\\Websites\\Aternix\\vendor\\laravel\\framework\\src\\Illuminate\\Foundation\\ProviderRepository.php(75): Illuminate\\Foundation\\Application->register('Fideloper\\\\Proxy...')
#7 C:\\Websites\\Aternix\\vendor\\laravel\\framework\\src\\Illuminate\\Foundation\\Application.php(763): Illuminate\\Foundation\\ProviderRepository->load(Array)
#8 C:\\Websites\\Aternix\\vendor\\laravel\\framework\\src\\Illuminate\\Foundation\\Bootstrap\\RegisterProviders.php(17): Illuminate\\Foundation\\Application->registerConfiguredProviders()
#9 C:\\Websites\\Aternix\\vendor\\laravel\\framework\\src\\Illuminate\\Foundation\\Application.php(261): Illuminate\\Foundation\\Bootstrap\\RegisterProviders->bootstrap(Object(Illuminate\\Foundation\\Application))
#10 C:\\Websites\\Aternix\\vendor\\laravel\\framework\\src\\Illuminate\\Foundation\\Console\\Kernel.php(447): Illuminate\\Foundation\\Application->bootstrapWith(Array)
#11 C:\\Websites\\Aternix\\vendor\\laravel\\framework\\src\\Illuminate\\Foundation\\Console\\Kernel.php(199): Illuminate\\Foundation\\Console\\Kernel->bootstrap()
#12 Command line code(1): Illuminate\\Foundation\\Console\\Kernel->handle(Object(Symfony\\Component\\Console\\Input\\ArgvInput), Object(Symfony\\Component\\Console\\Output\\ConsoleOutput))
#13 {main}
"} 
[2023-12-08 01:53:07] local.ERROR: include(C:\Websites\Aternix\vendor\composer/../fideloper/proxy/src/TrustedProxyServiceProvider.php): Failed to open stream: No such file or directory {"exception":"[object] (ErrorException(code: 0): include(C:\\Websites\\Aternix\\vendor\\composer/../fideloper/proxy/src/TrustedProxyServiceProvider.php): Failed to open stream: No such file or directory at C:\\Websites\\Aternix\\vendor\\composer\\ClassLoader.php:571)
[stacktrace]
#0 C:\\Websites\\Aternix\\vendor\\laravel\\framework\\src\\Illuminate\\Foundation\\Bootstrap\\HandleExceptions.php(254): Illuminate\\Foundation\\Bootstrap\\HandleExceptions->handleError(2, 'include(C:\\\\Webs...', 'C:\\\\Websites\\\\Ate...', 571)
#1 C:\\Websites\\Aternix\\vendor\\composer\\ClassLoader.php(571): Illuminate\\Foundation\\Bootstrap\\HandleExceptions->Illuminate\\Foundation\\Bootstrap\\{closure}(2, 'include(C:\\\\Webs...', 'C:\\\\Websites\\\\Ate...', 571)
#2 C:\\Websites\\Aternix\\vendor\\composer\\ClassLoader.php(571): include('C:\\\\Websites\\\\Ate...')
#3 C:\\Websites\\Aternix\\vendor\\composer\\ClassLoader.php(428): Composer\\Autoload\\includeFile('C:\\\\Websites\\\\Ate...')
#4 C:\\Websites\\Aternix\\vendor\\laravel\\framework\\src\\Illuminate\\Foundation\\Application.php(849): Composer\\Autoload\\ClassLoader->loadClass('Fideloper\\\\Proxy...')
#5 C:\\Websites\\Aternix\\vendor\\laravel\\framework\\src\\Illuminate\\Foundation\\Application.php(783): Illuminate\\Foundation\\Application->resolveProvider('Fideloper\\\\Proxy...')
#6 C:\\Websites\\Aternix\\vendor\\laravel\\framework\\src\\Illuminate\\Foundation\\ProviderRepository.php(75): Illuminate\\Foundation\\Application->register('Fideloper\\\\Proxy...')
#7 C:\\Websites\\Aternix\\vendor\\laravel\\framework\\src\\Illuminate\\Foundation\\Application.php(763): Illuminate\\Foundation\\ProviderRepository->load(Array)
#8 C:\\Websites\\Aternix\\vendor\\laravel\\framework\\src\\Illuminate\\Foundation\\Bootstrap\\RegisterProviders.php(17): Illuminate\\Foundation\\Application->registerConfiguredProviders()
#9 C:\\Websites\\Aternix\\vendor\\laravel\\framework\\src\\Illuminate\\Foundation\\Application.php(261): Illuminate\\Foundation\\Bootstrap\\RegisterProviders->bootstrap(Object(Illuminate\\Foundation\\Application))
#10 C:\\Websites\\Aternix\\vendor\\laravel\\framework\\src\\Illuminate\\Foundation\\Console\\Kernel.php(447): Illuminate\\Foundation\\Application->bootstrapWith(Array)
#11 C:\\Websites\\Aternix\\vendor\\laravel\\framework\\src\\Illuminate\\Foundation\\Console\\Kernel.php(199): Illuminate\\Foundation\\Console\\Kernel->bootstrap()
#12 Command line code(1): Illuminate\\Foundation\\Console\\Kernel->handle(Object(Symfony\\Component\\Console\\Input\\ArgvInput), Object(Symfony\\Component\\Console\\Output\\ConsoleOutput))
#13 {main}
"} 
[2023-12-08 01:53:08] local.ERROR: Class "Fideloper\Proxy\TrustedProxyServiceProvider" not found {"exception":"[object] (Error(code: 0): Class \"Fideloper\\Proxy\\TrustedProxyServiceProvider\" not found at C:\\Websites\\Aternix\\vendor\\laravel\\framework\\src\\Illuminate\\Foundation\\Application.php:849)
[stacktrace]
#0 C:\\Websites\\Aternix\\vendor\\laravel\\framework\\src\\Illuminate\\Foundation\\Application.php(783): Illuminate\\Foundation\\Application->resolveProvider('Fideloper\\\\Proxy...')
#1 C:\\Websites\\Aternix\\vendor\\laravel\\framework\\src\\Illuminate\\Foundation\\ProviderRepository.php(75): Illuminate\\Foundation\\Application->register('Fideloper\\\\Proxy...')
#2 C:\\Websites\\Aternix\\vendor\\laravel\\framework\\src\\Illuminate\\Foundation\\Application.php(763): Illuminate\\Foundation\\ProviderRepository->load(Array)
#3 C:\\Websites\\Aternix\\vendor\\laravel\\framework\\src\\Illuminate\\Foundation\\Bootstrap\\RegisterProviders.php(17): Illuminate\\Foundation\\Application->registerConfiguredProviders()
#4 C:\\Websites\\Aternix\\vendor\\laravel\\framework\\src\\Illuminate\\Foundation\\Application.php(261): Illuminate\\Foundation\\Bootstrap\\RegisterProviders->bootstrap(Object(Illuminate\\Foundation\\Application))
#5 C:\\Websites\\Aternix\\vendor\\laravel\\framework\\src\\Illuminate\\Foundation\\Console\\Kernel.php(447): Illuminate\\Foundation\\Application->bootstrapWith(Array)
#6 C:\\Websites\\Aternix\\vendor\\laravel\\framework\\src\\Illuminate\\Foundation\\Console\\Kernel.php(199): Illuminate\\Foundation\\Console\\Kernel->bootstrap()
#7 Command line code(1): Illuminate\\Foundation\\Console\\Kernel->handle(Object(Symfony\\Component\\Console\\Input\\ArgvInput), Object(Symfony\\Component\\Console\\Output\\ConsoleOutput))
#8 {main}
"} 
[2023-12-08 01:54:22] local.ERROR: Class "Fideloper\Proxy\TrustProxies" not found {"exception":"[object] (Error(code: 0): Class \"Fideloper\\Proxy\\TrustProxies\" not found at C:\\Websites\\Aternix\\app\\Http\\Middleware\\TrustProxies.php:8)
[stacktrace]
#0 C:\\Websites\\Aternix\\vendor\\composer\\ClassLoader.php(571): include()
#1 C:\\Websites\\Aternix\\vendor\\composer\\ClassLoader.php(428): Composer\\Autoload\\includeFile('C:\\\\Websites\\\\Ate...')
#2 [internal function]: Composer\\Autoload\\ClassLoader->loadClass('App\\\\Http\\\\Middle...')
#3 C:\\Websites\\Aternix\\vendor\\laravel\\framework\\src\\Illuminate\\Container\\Container.php(912): ReflectionClass->__construct('App\\\\Http\\\\Middle...')
#4 C:\\Websites\\Aternix\\vendor\\laravel\\framework\\src\\Illuminate\\Container\\Container.php(795): Illuminate\\Container\\Container->build('App\\\\Http\\\\Middle...')
#5 C:\\Websites\\Aternix\\vendor\\laravel\\framework\\src\\Illuminate\\Foundation\\Application.php(955): Illuminate\\Container\\Container->resolve('App\\\\Http\\\\Middle...', Array, true)
#6 C:\\Websites\\Aternix\\vendor\\laravel\\framework\\src\\Illuminate\\Container\\Container.php(731): Illuminate\\Foundation\\Application->resolve('App\\\\Http\\\\Middle...', Array)
#7 C:\\Websites\\Aternix\\vendor\\laravel\\framework\\src\\Illuminate\\Foundation\\Application.php(940): Illuminate\\Container\\Container->make('App\\\\Http\\\\Middle...', Array)
#8 C:\\Websites\\Aternix\\vendor\\laravel\\framework\\src\\Illuminate\\Pipeline\\Pipeline.php(169): Illuminate\\Foundation\\Application->make('App\\\\Http\\\\Middle...')
#9 C:\\Websites\\Aternix\\vendor\\laravel\\framework\\src\\Illuminate\\Pipeline\\Pipeline.php(116): Illuminate\\Pipeline\\Pipeline->Illuminate\\Pipeline\\{closure}(Object(Illuminate\\Http\\Request))
#10 C:\\Websites\\Aternix\\vendor\\laravel\\framework\\src\\Illuminate\\Foundation\\Http\\Kernel.php(175): Illuminate\\Pipeline\\Pipeline->then(Object(Closure))
#11 C:\\Websites\\Aternix\\vendor\\laravel\\framework\\src\\Illuminate\\Foundation\\Http\\Kernel.php(144): Illuminate\\Foundation\\Http\\Kernel->sendRequestThroughRouter(Object(Illuminate\\Http\\Request))
#12 C:\\Websites\\Aternix\\public\\index.php(51): Illuminate\\Foundation\\Http\\Kernel->handle(Object(Illuminate\\Http\\Request))
#13 C:\\Websites\\Aternix\\server.php(21): require_once('C:\\\\Websites\\\\Ate...')
#14 {main}
"} 
[2023-12-08 01:54:24] local.ERROR: Class "Fideloper\Proxy\TrustProxies" not found {"exception":"[object] (Error(code: 0): Class \"Fideloper\\Proxy\\TrustProxies\" not found at C:\\Websites\\Aternix\\app\\Http\\Middleware\\TrustProxies.php:8)
[stacktrace]
#0 C:\\Websites\\Aternix\\vendor\\composer\\ClassLoader.php(571): include()
#1 C:\\Websites\\Aternix\\vendor\\composer\\ClassLoader.php(428): Composer\\Autoload\\includeFile('C:\\\\Websites\\\\Ate...')
#2 [internal function]: Composer\\Autoload\\ClassLoader->loadClass('App\\\\Http\\\\Middle...')
#3 C:\\Websites\\Aternix\\vendor\\laravel\\framework\\src\\Illuminate\\Container\\Container.php(912): ReflectionClass->__construct('App\\\\Http\\\\Middle...')
#4 C:\\Websites\\Aternix\\vendor\\laravel\\framework\\src\\Illuminate\\Container\\Container.php(795): Illuminate\\Container\\Container->build('App\\\\Http\\\\Middle...')
#5 C:\\Websites\\Aternix\\vendor\\laravel\\framework\\src\\Illuminate\\Foundation\\Application.php(955): Illuminate\\Container\\Container->resolve('App\\\\Http\\\\Middle...', Array, true)
#6 C:\\Websites\\Aternix\\vendor\\laravel\\framework\\src\\Illuminate\\Container\\Container.php(731): Illuminate\\Foundation\\Application->resolve('App\\\\Http\\\\Middle...', Array)
#7 C:\\Websites\\Aternix\\vendor\\laravel\\framework\\src\\Illuminate\\Foundation\\Application.php(940): Illuminate\\Container\\Container->make('App\\\\Http\\\\Middle...', Array)
#8 C:\\Websites\\Aternix\\vendor\\laravel\\framework\\src\\Illuminate\\Foundation\\Http\\Kernel.php(255): Illuminate\\Foundation\\Application->make('App\\\\Http\\\\Middle...')
#9 C:\\Websites\\Aternix\\vendor\\laravel\\framework\\src\\Illuminate\\Foundation\\Http\\Kernel.php(213): Illuminate\\Foundation\\Http\\Kernel->terminateMiddleware(Object(Illuminate\\Http\\Request), Object(Illuminate\\Http\\Response))
#10 C:\\Websites\\Aternix\\public\\index.php(55): Illuminate\\Foundation\\Http\\Kernel->terminate(Object(Illuminate\\Http\\Request), Object(Illuminate\\Http\\Response))
#11 C:\\Websites\\Aternix\\server.php(21): require_once('C:\\\\Websites\\\\Ate...')
#12 {main}
"} 
[2023-12-08 01:55:56] local.ERROR: Target class [Fruitcake\Cors\HandleCors] does not exist. {"exception":"[object] (Illuminate\\Contracts\\Container\\BindingResolutionException(code: 0): Target class [Fruitcake\\Cors\\HandleCors] does not exist. at C:\\Websites\\Aternix\\vendor\\laravel\\framework\\src\\Illuminate\\Container\\Container.php:914)
[stacktrace]
#0 C:\\Websites\\Aternix\\vendor\\laravel\\framework\\src\\Illuminate\\Container\\Container.php(795): Illuminate\\Container\\Container->build('Fruitcake\\\\Cors\\\\...')
#1 C:\\Websites\\Aternix\\vendor\\laravel\\framework\\src\\Illuminate\\Foundation\\Application.php(955): Illuminate\\Container\\Container->resolve('Fruitcake\\\\Cors\\\\...', Array, true)
#2 C:\\Websites\\Aternix\\vendor\\laravel\\framework\\src\\Illuminate\\Container\\Container.php(731): Illuminate\\Foundation\\Application->resolve('Fruitcake\\\\Cors\\\\...', Array)
#3 C:\\Websites\\Aternix\\vendor\\laravel\\framework\\src\\Illuminate\\Foundation\\Application.php(940): Illuminate\\Container\\Container->make('Fruitcake\\\\Cors\\\\...', Array)
#4 C:\\Websites\\Aternix\\vendor\\laravel\\framework\\src\\Illuminate\\Pipeline\\Pipeline.php(169): Illuminate\\Foundation\\Application->make('Fruitcake\\\\Cors\\\\...')
#5 C:\\Websites\\Aternix\\vendor\\laravel\\framework\\src\\Illuminate\\Http\\Middleware\\TrustProxies.php(39): Illuminate\\Pipeline\\Pipeline->Illuminate\\Pipeline\\{closure}(Object(Illuminate\\Http\\Request))
#6 C:\\Websites\\Aternix\\vendor\\laravel\\framework\\src\\Illuminate\\Pipeline\\Pipeline.php(180): Illuminate\\Http\\Middleware\\TrustProxies->handle(Object(Illuminate\\Http\\Request), Object(Closure))
#7 C:\\Websites\\Aternix\\vendor\\laravel\\framework\\src\\Illuminate\\Pipeline\\Pipeline.php(116): Illuminate\\Pipeline\\Pipeline->Illuminate\\Pipeline\\{closure}(Object(Illuminate\\Http\\Request))
#8 C:\\Websites\\Aternix\\vendor\\laravel\\framework\\src\\Illuminate\\Foundation\\Http\\Kernel.php(175): Illuminate\\Pipeline\\Pipeline->then(Object(Closure))
#9 C:\\Websites\\Aternix\\vendor\\laravel\\framework\\src\\Illuminate\\Foundation\\Http\\Kernel.php(144): Illuminate\\Foundation\\Http\\Kernel->sendRequestThroughRouter(Object(Illuminate\\Http\\Request))
#10 C:\\Websites\\Aternix\\public\\index.php(51): Illuminate\\Foundation\\Http\\Kernel->handle(Object(Illuminate\\Http\\Request))
#11 C:\\Websites\\Aternix\\server.php(21): require_once('C:\\\\Websites\\\\Ate...')
#12 {main}

[previous exception] [object] (ReflectionException(code: -1): Class \"Fruitcake\\Cors\\HandleCors\" does not exist at C:\\Websites\\Aternix\\vendor\\laravel\\framework\\src\\Illuminate\\Container\\Container.php:912)
[stacktrace]
#0 C:\\Websites\\Aternix\\vendor\\laravel\\framework\\src\\Illuminate\\Container\\Container.php(912): ReflectionClass->__construct('Fruitcake\\\\Cors\\\\...')
#1 C:\\Websites\\Aternix\\vendor\\laravel\\framework\\src\\Illuminate\\Container\\Container.php(795): Illuminate\\Container\\Container->build('Fruitcake\\\\Cors\\\\...')
#2 C:\\Websites\\Aternix\\vendor\\laravel\\framework\\src\\Illuminate\\Foundation\\Application.php(955): Illuminate\\Container\\Container->resolve('Fruitcake\\\\Cors\\\\...', Array, true)
#3 C:\\Websites\\Aternix\\vendor\\laravel\\framework\\src\\Illuminate\\Container\\Container.php(731): Illuminate\\Foundation\\Application->resolve('Fruitcake\\\\Cors\\\\...', Array)
#4 C:\\Websites\\Aternix\\vendor\\laravel\\framework\\src\\Illuminate\\Foundation\\Application.php(940): Illuminate\\Container\\Container->make('Fruitcake\\\\Cors\\\\...', Array)
#5 C:\\Websites\\Aternix\\vendor\\laravel\\framework\\src\\Illuminate\\Pipeline\\Pipeline.php(169): Illuminate\\Foundation\\Application->make('Fruitcake\\\\Cors\\\\...')
#6 C:\\Websites\\Aternix\\vendor\\laravel\\framework\\src\\Illuminate\\Http\\Middleware\\TrustProxies.php(39): Illuminate\\Pipeline\\Pipeline->Illuminate\\Pipeline\\{closure}(Object(Illuminate\\Http\\Request))
#7 C:\\Websites\\Aternix\\vendor\\laravel\\framework\\src\\Illuminate\\Pipeline\\Pipeline.php(180): Illuminate\\Http\\Middleware\\TrustProxies->handle(Object(Illuminate\\Http\\Request), Object(Closure))
#8 C:\\Websites\\Aternix\\vendor\\laravel\\framework\\src\\Illuminate\\Pipeline\\Pipeline.php(116): Illuminate\\Pipeline\\Pipeline->Illuminate\\Pipeline\\{closure}(Object(Illuminate\\Http\\Request))
#9 C:\\Websites\\Aternix\\vendor\\laravel\\framework\\src\\Illuminate\\Foundation\\Http\\Kernel.php(175): Illuminate\\Pipeline\\Pipeline->then(Object(Closure))
#10 C:\\Websites\\Aternix\\vendor\\laravel\\framework\\src\\Illuminate\\Foundation\\Http\\Kernel.php(144): Illuminate\\Foundation\\Http\\Kernel->sendRequestThroughRouter(Object(Illuminate\\Http\\Request))
#11 C:\\Websites\\Aternix\\public\\index.php(51): Illuminate\\Foundation\\Http\\Kernel->handle(Object(Illuminate\\Http\\Request))
#12 C:\\Websites\\Aternix\\server.php(21): require_once('C:\\\\Websites\\\\Ate...')
#13 {main}
"} 
[2023-12-08 01:55:57] local.ERROR: Target class [Fruitcake\Cors\HandleCors] does not exist. {"exception":"[object] (Illuminate\\Contracts\\Container\\BindingResolutionException(code: 0): Target class [Fruitcake\\Cors\\HandleCors] does not exist. at C:\\Websites\\Aternix\\vendor\\laravel\\framework\\src\\Illuminate\\Container\\Container.php:914)
[stacktrace]
#0 C:\\Websites\\Aternix\\vendor\\laravel\\framework\\src\\Illuminate\\Container\\Container.php(795): Illuminate\\Container\\Container->build('Fruitcake\\\\Cors\\\\...')
#1 C:\\Websites\\Aternix\\vendor\\laravel\\framework\\src\\Illuminate\\Foundation\\Application.php(955): Illuminate\\Container\\Container->resolve('Fruitcake\\\\Cors\\\\...', Array, true)
#2 C:\\Websites\\Aternix\\vendor\\laravel\\framework\\src\\Illuminate\\Container\\Container.php(731): Illuminate\\Foundation\\Application->resolve('Fruitcake\\\\Cors\\\\...', Array)
#3 C:\\Websites\\Aternix\\vendor\\laravel\\framework\\src\\Illuminate\\Foundation\\Application.php(940): Illuminate\\Container\\Container->make('Fruitcake\\\\Cors\\\\...', Array)
#4 C:\\Websites\\Aternix\\vendor\\laravel\\framework\\src\\Illuminate\\Foundation\\Http\\Kernel.php(255): Illuminate\\Foundation\\Application->make('Fruitcake\\\\Cors\\\\...')
#5 C:\\Websites\\Aternix\\vendor\\laravel\\framework\\src\\Illuminate\\Foundation\\Http\\Kernel.php(213): Illuminate\\Foundation\\Http\\Kernel->terminateMiddleware(Object(Illuminate\\Http\\Request), Object(Illuminate\\Http\\Response))
#6 C:\\Websites\\Aternix\\public\\index.php(55): Illuminate\\Foundation\\Http\\Kernel->terminate(Object(Illuminate\\Http\\Request), Object(Illuminate\\Http\\Response))
#7 C:\\Websites\\Aternix\\server.php(21): require_once('C:\\\\Websites\\\\Ate...')
#8 {main}

[previous exception] [object] (ReflectionException(code: -1): Class \"Fruitcake\\Cors\\HandleCors\" does not exist at C:\\Websites\\Aternix\\vendor\\laravel\\framework\\src\\Illuminate\\Container\\Container.php:912)
[stacktrace]
#0 C:\\Websites\\Aternix\\vendor\\laravel\\framework\\src\\Illuminate\\Container\\Container.php(912): ReflectionClass->__construct('Fruitcake\\\\Cors\\\\...')
#1 C:\\Websites\\Aternix\\vendor\\laravel\\framework\\src\\Illuminate\\Container\\Container.php(795): Illuminate\\Container\\Container->build('Fruitcake\\\\Cors\\\\...')
#2 C:\\Websites\\Aternix\\vendor\\laravel\\framework\\src\\Illuminate\\Foundation\\Application.php(955): Illuminate\\Container\\Container->resolve('Fruitcake\\\\Cors\\\\...', Array, true)
#3 C:\\Websites\\Aternix\\vendor\\laravel\\framework\\src\\Illuminate\\Container\\Container.php(731): Illuminate\\Foundation\\Application->resolve('Fruitcake\\\\Cors\\\\...', Array)
#4 C:\\Websites\\Aternix\\vendor\\laravel\\framework\\src\\Illuminate\\Foundation\\Application.php(940): Illuminate\\Container\\Container->make('Fruitcake\\\\Cors\\\\...', Array)
#5 C:\\Websites\\Aternix\\vendor\\laravel\\framework\\src\\Illuminate\\Foundation\\Http\\Kernel.php(255): Illuminate\\Foundation\\Application->make('Fruitcake\\\\Cors\\\\...')
#6 C:\\Websites\\Aternix\\vendor\\laravel\\framework\\src\\Illuminate\\Foundation\\Http\\Kernel.php(213): Illuminate\\Foundation\\Http\\Kernel->terminateMiddleware(Object(Illuminate\\Http\\Request), Object(Illuminate\\Http\\Response))
#7 C:\\Websites\\Aternix\\public\\index.php(55): Illuminate\\Foundation\\Http\\Kernel->terminate(Object(Illuminate\\Http\\Request), Object(Illuminate\\Http\\Response))
#8 C:\\Websites\\Aternix\\server.php(21): require_once('C:\\\\Websites\\\\Ate...')
#9 {main}
"} 
